[  0%] Built target rosgraph_msgs_generate_messages_nodejs
[  0%] Built target std_msgs_generate_messages_nodejs
[  0%] Built target std_msgs_generate_messages_lisp
[  0%] Built target std_msgs_generate_messages_cpp
[  0%] Built target roscpp_generate_messages_cpp
[  0%] Built target roscpp_generate_messages_lisp
[  0%] Built target roscpp_generate_messages_eus
[  0%] Built target std_msgs_generate_messages_py
[  0%] Built target roscpp_generate_messages_nodejs
[  0%] Built target rosgraph_msgs_generate_messages_cpp
[  0%] Built target roscpp_generate_messages_py
[  0%] Built target rosgraph_msgs_generate_messages_eus
[  0%] Built target rosgraph_msgs_generate_messages_lisp
[  0%] Built target std_msgs_generate_messages_eus
[  0%] Built target rosgraph_msgs_generate_messages_py
[ 50%] [32mBuilding CXX object CMakeFiles/cam_node.dir/src/cam_node.cpp.o[0m
In file included from [01m[K/home/nvidia/catkin_ws/src/cam_node/src/cam_node.cpp:29:0[m[K:
[01m[K/usr/local/include/opencv4/opencv2/core/eigen.hpp:64:10:[m[K [01;31m[Kfatal error: [m[Kunsupported/Eigen/CXX11/Tensor: No such file or directory
 #include [01;31m[K<unsupported/Eigen/CXX11/Tensor>[m[K
          [01;31m[K^~~~~~~~~~~~~~~~~~~~~~~~~~~~~~~~[m[K
compilation terminated.
CMakeFiles/cam_node.dir/build.make:62: recipe for target 'CMakeFiles/cam_node.dir/src/cam_node.cpp.o' failed
make[2]: *** [CMakeFiles/cam_node.dir/src/cam_node.cpp.o] Error 1
CMakeFiles/Makefile2:81: recipe for target 'CMakeFiles/cam_node.dir/all' failed
make[1]: *** [CMakeFiles/cam_node.dir/all] Error 2
Makefile:140: recipe for target 'all' failed
make: *** [all] Error 2
